Using pre-set license
Built from '2020.3/release' branch; Version is '2020.3.2f1 (8fd9074bf66c) revision 9427207'; Using compiler version '192528614'; Build Type 'Release'
OS: 'Windows 10 Pro; OS build 19042.928; Version 2009; 64bit' Language: 'ru' Physical Memory: 8087 MB
BatchMode: 1, IsHumanControllingUs: 0, StartBugReporterOnCrash: 0, Is64bit: 1, IsPro: 0

 COMMAND LINE ARGUMENTS:
C:\Program Files\Unity\Hub\Editor\2020.3.2f1\Editor\Unity.exe
-adb2
-batchMode
-noUpm
-name
AssetImportWorker0
-projectPath
C:/Users/rinay/OneDrive/Рабочий стол/Template2.7/2.7.Prototype
-logFile
Logs/AssetImportWorker0.log
-srvPort
59778
Successfully changed project path to: C:/Users/rinay/OneDrive/Рабочий стол/Template2.7/2.7.Prototype
C:/Users/rinay/OneDrive/Рабочий стол/Template2.7/2.7.Prototype
Using Asset Import Pipeline V2.
Refreshing native plugins compatible for Editor in 34.14 ms, found 0 plugins.
Preloading 0 native plugins for Editor in 0.00 ms.
Initialize engine version: 2020.3.2f1 (8fd9074bf66c)
[Subsystems] Discovering subsystems at path C:/Program Files/Unity/Hub/Editor/2020.3.2f1/Editor/Data/Resources/UnitySubsystems
[Subsystems] Discovering subsystems at path C:/Users/rinay/OneDrive/Рабочий стол/Template2.7/2.7.Prototype/Assets
GfxDevice: creating device client; threaded=0
Direct3D:
    Version:  Direct3D 11.0 [level 11.0]
    Renderer: NVIDIA GeForce 940MX (ID=0x134b)
    Vendor:   
    VRAM:     987 MB
    Driver:   24.21.13.9731
Initialize mono
Mono path[0] = 'C:/Program Files/Unity/Hub/Editor/2020.3.2f1/Editor/Data/Managed'
Mono path[1] = 'C:/Program Files/Unity/Hub/Editor/2020.3.2f1/Editor/Data/MonoBleedingEdge/lib/mono/unityjit'
Mono config path = 'C:/Program Files/Unity/Hub/Editor/2020.3.2f1/Editor/Data/MonoBleedingEdge/etc'
Using monoOptions --debugger-agent=transport=dt_socket,embedding=1,server=y,suspend=n,address=127.0.0.1:56392
Begin MonoManager ReloadAssembly
Registering precompiled unity dll's ...
Register platform support module: C:/Program Files/Unity/Hub/Editor/2020.3.2f1/Editor/Data/PlaybackEngines/WebGLSupport/UnityEditor.WebGL.Extensions.dll
Register platform support module: C:/Program Files/Unity/Hub/Editor/2020.3.2f1/Editor/Data/PlaybackEngines/WindowsStandaloneSupport/UnityEditor.WindowsStandalone.Extensions.dll
Registered in 0.003195 seconds.
Native extension for WindowsStandalone target not found
Native extension for WebGL target not found
Refreshing native plugins compatible for Editor in 40.12 ms, found 0 plugins.
Preloading 0 native plugins for Editor in 0.00 ms.
Invoked RoslynAnalysisRunner static constructor.
RoslynAnalysisRunner will not be running.
RoslynAnalysisRunner has terminated.
Mono: successfully reloaded assembly
- Completed reload, in  3.089 seconds
Platform modules already initialized, skipping
Registering precompiled user dll's ...
Registered in 0.001176 seconds.
Begin MonoManager ReloadAssembly
Native extension for WindowsStandalone target not found
Native extension for WebGL target not found
Refreshing native plugins compatible for Editor in 0.23 ms, found 0 plugins.
Preloading 0 native plugins for Editor in 0.00 ms.
Invoked RoslynAnalysisRunner static constructor.
RoslynAnalysisRunner will not be running.
RoslynAnalysisRunner has terminated.
Mono: successfully reloaded assembly
- Completed reload, in  1.182 seconds
Platform modules already initialized, skipping
========================================================================
Worker process is ready to serve import requests
Launched and connected shader compiler UnityShaderCompiler.exe after 0.08 seconds
Refreshing native plugins compatible for Editor in 0.27 ms, found 0 plugins.
Preloading 0 native plugins for Editor in 0.00 ms.
Unloading 1142 Unused Serialized files (Serialized files now loaded: 0)
System memory in use before: 59.2 MB.
System memory in use after: 59.3 MB.

Unloading 9 unused Assets to reduce memory usage. Loaded Objects now: 1586.
Total: 4.285600 ms (FindLiveObjects: 0.237300 ms CreateObjectMapping: 0.072400 ms MarkObjects: 3.855400 ms  DeleteObjects: 0.118400 ms)

========================================================================
Received Prepare
Refreshing native plugins compatible for Editor in 1.59 ms, found 0 plugins.
Preloading 0 native plugins for Editor in 0.00 ms.
Unloading 2 Unused Serialized files (Serialized files now loaded: 0)
System memory in use before: 35.4 MB.
System memory in use after: 35.5 MB.

Unloading 2 unused Assets to reduce memory usage. Loaded Objects now: 1586.
Total: 2.626400 ms (FindLiveObjects: 0.620900 ms CreateObjectMapping: 0.068100 ms MarkObjects: 1.915400 ms  DeleteObjects: 0.019600 ms)

========================================================================
Received Import Request.
  path: Assets/Prototype/Scenes/Startup.unity
  artifactKey: Guid(56041c24c7336bb4b881fcad7bf3c6ad) Importer(815301076,1909f56bfc062723c751e8b465ee728b)
Start importing Assets/Prototype/Scenes/Startup.unity using Guid(56041c24c7336bb4b881fcad7bf3c6ad) Importer(815301076,1909f56bfc062723c751e8b465ee728b)  -> (artifact id: '12aff1dafead5c60041f5b7ab2b1a767') in 0.023802 seconds
  Import took 0.027930 seconds .

========================================================================
Received Import Request.
  Time since last request: 0.016808 seconds.
  path: Assets/Prototype/Scenes/Startup.unity
  artifactKey: Guid(56041c24c7336bb4b881fcad7bf3c6ad) Importer(815301076,1909f56bfc062723c751e8b465ee728b)
Start importing Assets/Prototype/Scenes/Startup.unity using Guid(56041c24c7336bb4b881fcad7bf3c6ad) Importer(815301076,1909f56bfc062723c751e8b465ee728b)  -> (artifact id: '12aff1dafead5c60041f5b7ab2b1a767') in 0.006907 seconds
  Import took 0.010318 seconds .

========================================================================
Received Prepare
Registering precompiled user dll's ...
Registered in 0.001553 seconds.
Begin MonoManager ReloadAssembly
Native extension for WindowsStandalone target not found
Native extension for WebGL target not found
Refreshing native plugins compatible for Editor in 0.29 ms, found 0 plugins.
Preloading 0 native plugins for Editor in 0.00 ms.
Invoked RoslynAnalysisRunner static constructor.
RoslynAnalysisRunner will not be running.
RoslynAnalysisRunner has terminated.
Mono: successfully reloaded assembly
- Completed reload, in  0.997 seconds
Platform modules already initialized, skipping
Refreshing native plugins compatible for Editor in 0.30 ms, found 0 plugins.
Preloading 0 native plugins for Editor in 0.00 ms.
Unloading 1123 Unused Serialized files (Serialized files now loaded: 0)
System memory in use before: 57.8 MB.
System memory in use after: 57.9 MB.

Unloading 4 unused Assets to reduce memory usage. Loaded Objects now: 1589.
Total: 2.247700 ms (FindLiveObjects: 0.208100 ms CreateObjectMapping: 0.073100 ms MarkObjects: 1.919900 ms  DeleteObjects: 0.044900 ms)

AssetImportWorkerClient::OnTransportError - code=2 error=End of file
